<?xml version="1.0" encoding="UTF-8" ?>
<testsuite tests="2" failures="0" name="cucumber.options.TestRunner" time="6.63" errors="1" skipped="1">
  <properties>
    <property name="java.runtime.name" value="OpenJDK Runtime Environment"/>
    <property name="java.vm.version" value="11.0.2+9"/>
    <property name="sun.boot.library.path" value="C:\openjdk-11.0.2_windows-x64_bin\jdk-11.0.2\bin"/>
    <property name="maven.multiModuleProjectDirectory" value="C:\OCP\JAVA\java-developer\Cucumber_Framework"/>
    <property name="java.vm.vendor" value="Oracle Corporation"/>
    <property name="java.vendor.url" value="http://java.oracle.com/"/>
    <property name="guice.disable.misplaced.annotation.check" value="true"/>
    <property name="path.separator" value=";"/>
    <property name="java.vm.name" value="OpenJDK 64-Bit Server VM"/>
    <property name="sun.os.patch.level" value=""/>
    <property name="user.script" value=""/>
    <property name="user.country" value="US"/>
    <property name="sun.java.launcher" value="SUN_STANDARD"/>
    <property name="java.vm.specification.name" value="Java Virtual Machine Specification"/>
    <property name="user.dir" value="C:\OCP\JAVA\java-developer\Cucumber_Framework"/>
    <property name="java.vm.compressedOopsMode" value="32-bit"/>
    <property name="java.runtime.version" value="11.0.2+9"/>
    <property name="java.awt.graphicsenv" value="sun.awt.Win32GraphicsEnvironment"/>
    <property name="os.arch" value="amd64"/>
    <property name="java.io.tmpdir" value="C:\Users\NIKITA~1\AppData\Local\Temp\"/>
    <property name="line.separator" value="
"/>
    <property name="java.vm.specification.vendor" value="Oracle Corporation"/>
    <property name="user.variant" value=""/>
    <property name="os.name" value="Windows 10"/>
    <property name="classworlds.conf" value="C:\OCP\JAVA\java-developer\.metadata\.plugins\org.eclipse.m2e.launching\launches\m2conf350272088217157825.tmp"/>
    <property name="sun.jnu.encoding" value="Cp1252"/>
    <property name="java.library.path" value="C:\openjdk-11.0.2_windows-x64_bin\jdk-11.0.2\bin;C:\windows\Sun\Java\bin;C:\windows\system32;C:\windows;C:/openjdk-11.0.2_windows-x64_bin/jdk-11.0.2//bin/server;C:/openjdk-11.0.2_windows-x64_bin/jdk-11.0.2//bin;C:\openjdk-11.0.2_windows-x64_bin\jdk-11.0.2\\bin;C:\ProgramData\DockerDesktop\version-bin;C:\Program Files\Docker\Docker\Resources\bin;C:\windows\system32;C:\windows;C:\windows\System32\Wbem;C:\windows\System32\WindowsPowerShell\v1.0\;C:\Program Files\Intel\WiFi\bin\;C:\Program Files\Common Files\Intel\WirelessCommon\;C:\Program Files\PuTTY\;C:\Gradle\gradle-5.4.1-all\gradle-5.4.1\bin;C:\Program Files\Microsoft SQL Server\Client SDK\ODBC\170\Tools\Binn\;C:\Program Files (x86)\Microsoft SQL Server\150\Tools\Binn\;C:\Program Files\Microsoft SQL Server\150\Tools\Binn\;C:\Program Files\Microsoft SQL Server\150\DTS\Binn\;C:\Program Files\SourceGear\Common\DiffMerge\;C:\OCP\Maven\apache-maven-3.6.3-bin\apache-maven-3.6.3\bin;C:\Users\nikitatorane\AppData\Local\Microsoft\WindowsApps;;C:\Users\nikitatorane\Desktop\eclipse-jee-2018-12-R-win32-x86_64 (2)\eclipse;;."/>
    <property name="jdk.debug" value="release"/>
    <property name="java.class.version" value="55.0"/>
    <property name="java.specification.name" value="Java Platform API Specification"/>
    <property name="sun.management.compiler" value="HotSpot 64-Bit Tiered Compilers"/>
    <property name="os.version" value="10.0"/>
    <property name="user.home" value="C:\Users\nikitatorane"/>
    <property name="user.timezone" value="Asia/Calcutta"/>
    <property name="java.awt.printerjob" value="sun.awt.windows.WPrinterJob"/>
    <property name="file.encoding" value="Cp1252"/>
    <property name="java.specification.version" value="11"/>
    <property name="user.name" value="NikitaTorane"/>
    <property name="java.class.path" value="C:\Users\nikitatorane\Desktop\eclipse-jee-2018-12-R-win32-x86_64 (2)\eclipse\plugins\org.eclipse.m2e.maven.runtime_1.10.0.20181127-2120\jars\plexus-classworlds-2.5.2.jar"/>
    <property name="java.vm.specification.version" value="11"/>
    <property name="sun.arch.data.model" value="64"/>
    <property name="sun.java.command" value="org.codehaus.plexus.classworlds.launcher.Launcher -B test"/>
    <property name="java.home" value="C:\openjdk-11.0.2_windows-x64_bin\jdk-11.0.2"/>
    <property name="user.language" value="en"/>
    <property name="java.specification.vendor" value="Oracle Corporation"/>
    <property name="awt.toolkit" value="sun.awt.windows.WToolkit"/>
    <property name="java.vm.info" value="mixed mode"/>
    <property name="java.version" value="11.0.2"/>
    <property name="java.vendor" value="Oracle Corporation"/>
    <property name="maven.home" value="C:\OCP\JAVA\java-developer\Cucumber_Framework\EMBEDDED"/>
    <property name="file.separator" value="\"/>
    <property name="java.version.date" value="2019-01-15"/>
    <property name="java.vendor.url.bug" value="http://bugreport.java.com/bugreport/"/>
    <property name="sun.io.unicode.encoding" value="UnicodeLittle"/>
    <property name="sun.cpu.endian" value="little"/>
    <property name="java.vendor.version" value="18.9"/>
    <property name="sun.desktop" value="windows"/>
    <property name="sun.cpu.isalist" value="amd64"/>
  </properties>
  <testcase classname="Validating place API&apos;s" name="Verify if place is being successfully added using AddPlaceApI" time="6.613">
    <skipped/>
    <system-out>/maps/api/place/add/json
{&quot;status&quot;:&quot;OK&quot;,&quot;place_id&quot;:&quot;fbe12c2c30ca9e2cbb00f7d0edba8af7&quot;,&quot;scope&quot;:&quot;APP&quot;,&quot;reference&quot;:&quot;44ed358721083ac41bc5c0582b729dc344ed358721083ac41bc5c0582b729dc3&quot;,&quot;id&quot;:&quot;44ed358721083ac41bc5c0582b729dc3&quot;}
/maps/api/place/get/json
{&quot;location&quot;:{&quot;latitude&quot;:&quot;-38.383494&quot;,&quot;longitude&quot;:&quot;33.427362&quot;},&quot;accuracy&quot;:&quot;50&quot;,&quot;name&quot;:&quot;nikiya_1_1&quot;,&quot;phone_number&quot;:&quot;(+91) 983 893 3937&quot;,&quot;address&quot;:&quot;xys&quot;,&quot;types&quot;:&quot;shoe dsds,dsds&quot;,&quot;website&quot;:&quot;http:\/\/sdsdds.com&quot;,&quot;language&quot;:&quot;englis&quot;}
/maps/api/place/add/json
</system-out>
    <system-err>May 27, 2020 11:00:14 PM io.cucumber.junit.Cucumber &lt;init&gt;
WARNING: By default Cucumber is running in --non-strict mode.
This default will change to --strict and --non-strict will be removed.
You can use --strict or @CucumberOptions(strict = true) to suppress this warning
</system-err>
  </testcase>
  <testcase classname="Validating place API&apos;s" name="Verify if Delete Place functionality is working" time="0.017">
    <error type="java.lang.NullPointerException">java.lang.NullPointerException
	at stepdefinations.StepDefination.user_calls_something_with_post_http_request(StepDefination.java:49)
	at âœ½.user calls &quot;deletePlaceAPI&quot; with &quot;post&quot; http request(file:///C:/OCP/JAVA/java-developer/Cucumber_Framework/src/test/java/features/placeValidations.feature:17)
</error>
    <system-out>/maps/api/place/delete/json
</system-out>
  </testcase>
</testsuite>